Valgrind:
Jouer en mode console:
==24178== 
==24178== HEAP SUMMARY:
==24178==     in use at exit: 0 bytes in 0 blocks
==24178==   total heap usage: 175,293 allocs, 175,293 frees, 473,130 bytes allocated
==24178== 
==24178== All heap blocks were freed -- no leaks are possible
==24178== 
==24178== For counts of detected and suppressed errors, rerun with: -v
==24178== ERROR SUMMARY: 0 errors from 0 contexts (suppressed: 0 from 0)

Tests unitaires :
==24491== 
==24491== HEAP SUMMARY:
==24491==     in use at exit: 0 bytes in 0 blocks
==24491==   total heap usage: 28,376 allocs, 28,395 frees, 112,884 bytes allocated
==24491== 
==24491== All heap blocks were freed -- no leaks are possible
==24491== 
==24491== For counts of detected and suppressed errors, rerun with: -v
==24491== ERROR SUMMARY: 61 errors from 19 contexts (suppressed: 0 from 0)

Jouer en mode Graphique:
==24491== 
==24491== HEAP SUMMARY:
==24491==     in use at exit: 0 bytes in 0 blocks
==24491==   total heap usage: 28,376 allocs, 28,395 frees, 112,884 bytes allocated
==24491== 
==24491== All heap blocks were freed -- no leaks are possible
==24491== 
==24491== For counts of detected and suppressed errors, rerun with: -v
==24491== ERROR SUMMARY: 61 errors from 19 contexts (suppressed: 0 from 0)
